<?xml version="1.0" encoding="UTF-8"?>
<testng-results ignored="0" total="1" passed="1" failed="0" skipped="0">
  <reporter-output>
  </reporter-output>
  <suite started-at="2023-02-09T17:05:56 IST" name="Default suite" finished-at="2023-02-09T17:06:24 IST" duration-ms="28066">
    <groups>
    </groups>
    <test started-at="2023-02-09T17:05:56 IST" name="Default test" finished-at="2023-02-09T17:06:24 IST" duration-ms="28066">
      <class name="tests.LoginTest">
        <test-method is-config="true" signature="setup()[pri:0, instance:tests.LoginTest@74ea2410]" started-at="2023-02-09T17:05:56 IST" name="setup" finished-at="2023-02-09T17:06:04 IST" duration-ms="8189" status="PASS">
          <reporter-output>
          </reporter-output>
        </test-method> <!-- setup -->
        <test-method signature="verifyLogin(java.lang.String,java.lang.String)[pri:0, instance:tests.LoginTest@74ea2410]" started-at="2023-02-09T17:06:04 IST" name="verifyLogin" data-provider="loginData" finished-at="2023-02-09T17:06:23 IST" duration-ms="19092" status="PASS">
          <params>
            <param index="0">
              <value>
                <![CDATA[ingaleusha2310@gmail.com]]>
              </value>
            </param>
            <param index="1">
              <value>
                <![CDATA[admin123]]>
              </value>
            </param>
          </params>
          <reporter-output>
          </reporter-output>
        </test-method> <!-- verifyLogin -->
        <test-method is-config="true" signature="tearDown()[pri:0, instance:tests.LoginTest@74ea2410]" started-at="2023-02-09T17:06:23 IST" name="tearDown" finished-at="2023-02-09T17:06:24 IST" duration-ms="585" status="PASS">
          <reporter-output>
          </reporter-output>
        </test-method> <!-- tearDown -->
      </class> <!-- tests.LoginTest -->
    </test> <!-- Default test -->
  </suite> <!-- Default suite -->
</testng-results>
